<?xml version="1.0" encoding="UTF-8"?>
<!-- Generated by org.testng.reporters.JUnitXMLReporter -->
<testsuite ignored="6" hostname="MSI" failures="0" tests="4" name="regression" time="0.058" errors="0" timestamp="2022-11-16T17:48:17 IST">
  <testcase classname="testNGxml.Groupseg2" name="TC6" time="0.01"/>
  <testcase classname="testNGxml.Groupseg2" name="TC8" time="0.001"/>
  <testcase classname="testNGxml.Groupseg1" name="TC1" time="0.001"/>
  <testcase classname="testNGxml.Groupseg1" name="TC3" time="0.001"/>
  <testcase classname="testNGxml.Groupseg2" name="TC9" time="0.0">
    <ignored/>
  </testcase> <!-- TC9 -->
  <testcase classname="testNGxml.Groupseg1" name="TC5" time="0.0">
    <ignored/>
  </testcase> <!-- TC5 -->
  <testcase classname="testNGxml.Groupseg1" name="TC4" time="0.0">
    <ignored/>
  </testcase> <!-- TC4 -->
  <testcase classname="testNGxml.Groupseg1" name="TC2" time="0.0">
    <ignored/>
  </testcase> <!-- TC2 -->
  <testcase classname="testNGxml.Groupseg2" name="TC10" time="0.0">
    <ignored/>
  </testcase> <!-- TC10 -->
  <testcase classname="testNGxml.Groupseg2" name="TC7" time="0.0">
    <ignored/>
  </testcase> <!-- TC7 -->
</testsuite> <!-- regression -->
