<?xml version="1.0" encoding="UTF-8"?>
<!-- Generated by org.testng.reporters.JUnitXMLReporter -->
<testsuite ignored="6" hostname="MSI" failures="0" tests="4" name="sanity" time="0.09" errors="0" timestamp="2022-11-16T17:13:20 IST">
  <testcase classname="testNGxml.Groupseg2" name="TC7" time="0.017"/>
  <testcase classname="testNGxml.Groupseg2" name="TC9" time="0.002"/>
  <testcase classname="testNGxml.Groupseg1" name="TC2" time="0.002"/>
  <testcase classname="testNGxml.Groupseg1" name="TC4" time="0.002"/>
  <testcase classname="testNGxml.Groupseg1" name="TC5" time="0.0">
    <ignored/>
  </testcase> <!-- TC5 -->
  <testcase classname="testNGxml.Groupseg2" name="TC6" time="0.0">
    <ignored/>
  </testcase> <!-- TC6 -->
  <testcase classname="testNGxml.Groupseg1" name="TC3" time="0.0">
    <ignored/>
  </testcase> <!-- TC3 -->
  <testcase classname="testNGxml.Groupseg1" name="TC1" time="0.0">
    <ignored/>
  </testcase> <!-- TC1 -->
  <testcase classname="testNGxml.Groupseg2" name="TC10" time="0.0">
    <ignored/>
  </testcase> <!-- TC10 -->
  <testcase classname="testNGxml.Groupseg2" name="TC8" time="0.0">
    <ignored/>
  </testcase> <!-- TC8 -->
</testsuite> <!-- sanity -->
