<?xml version="1.0" encoding="UTF-8"?>
<!-- Generated by org.testng.reporters.JUnitXMLReporter -->
<testsuite ignored="0" hostname="MSI" failures="2" tests="6" name="Test" time="0.106" errors="0" timestamp="2022-11-30T15:36:47 IST">
  <testcase classname="listener.MyTesting1" name="C" time="0.018">
    <failure type="java.lang.AssertionError" message="null">
      <![CDATA[java.lang.AssertionError: null
at listener.MyTesting1.C(MyTesting1.java:25)
at java.base/java.util.ArrayList.forEach(ArrayList.java:1511)
... Removed 27 stack frames]]>
    </failure>
  </testcase> <!-- C -->
  <testcase classname="listener.MyTesting1" name="A" time="0.002"/>
  <testcase classname="listener.MyTesting1" name="B" time="0.0">
    <skipped/>
  </testcase> <!-- B -->
  <testcase classname="listener.MyTesting2" name="D" time="0.001"/>
  <testcase classname="listener.MyTesting2" name="F" time="0.003">
    <failure type="java.lang.AssertionError" message="null">
      <![CDATA[java.lang.AssertionError: null
at listener.MyTesting2.F(MyTesting2.java:23)
at java.base/java.util.ArrayList.forEach(ArrayList.java:1511)
... Removed 27 stack frames]]>
    </failure>
  </testcase> <!-- F -->
  <testcase classname="listener.MyTesting2" name="E" time="0.0">
    <skipped/>
  </testcase> <!-- E -->
</testsuite> <!-- Test -->
